<?xml version="1.0" encoding="UTF-8"?>
<!-- Generated by org.testng.reporters.JUnitReportReporter -->
<testsuite skipped="0" hostname="Libi" name="testng.test1" tests="2" failures="0" timestamp="27 Apr 2018 22:03:54 GMT" time="56.986" errors="0">
  <testcase name="radio_button" time="40.903" classname="testng.test1"/>
  <testcase name="dologin" time="16.083" classname="testng.test1"/>
</testsuite> <!-- testng.test1 -->
